2018-04-03 01:26:23,456 [localhost-startStop-1] (AbstractEventsBuffer.java:57) WARN  - Debugger execution events:  - init buffer with capacity: 100000, with bulkSize:5000
2018-04-03 01:26:23,511 [localhost-startStop-1] (DebuggerEventsOutBuffer.java:46) WARN  - Debugger execution events:  - init buffer with capacity: 100000, with bulkSize:5000
2018-04-03 01:26:23,516 [localhost-startStop-1] (AbstractEventsBuffer.java:57) WARN  - Events:  - init buffer with capacity: 200, with bulkSize:200
2018-04-03 01:26:23,693 [localhost-startStop-1] (AbstractEventsBuffer.java:57) WARN  - Step log Buffer:  - init buffer with capacity: 100000, with bulkSize:5000
2018-04-03 01:26:23,696 [localhost-startStop-1] (LanguagesLogEventsOutBuffer.java:40) WARN  - Step log Buffer:  - init buffer with capacity: 100000, with bulkSize:5000
2018-04-03 01:26:23,718 [localhost-startStop-1] (AbstractEventsBuffer.java:57) WARN  - Step log execution events:  - init buffer with capacity: 100000, with bulkSize:5000
2018-04-03 01:26:23,722 [localhost-startStop-1] (StepLogEeOutBuffer.java:41) WARN  - Step log execution events:  - init buffer with capacity: 100000, with bulkSize:5000
2018-04-03 01:27:27,601 [scheduler-1] (LmsReportingTask.java:29) ERROR - Central cannot send usage data to LMS.Could not authenticate to IDM endpoint 'https://idm-svc.core.svc.cluster.local:443/idm-service/v2.0/tokens'.Status code: 403. Could not authenticate to IDM endpoint 'https://idm-svc.core.svc.cluster.local:443/idm-service/v2.0/tokens'.
2018-04-03 01:27:52,528 [scoreWorkerScheduler-3] (FailedFlowsHandler.java:92) WARN  - Execution 892944924 branch null was marked as FAILED due to RuntimeException. Terminating this execution.
2018-04-03 01:27:57,902 [scoreWorkerScheduler-3] (FailedFlowsHandler.java:92) WARN  - Execution 892944924 branch null was marked as FAILED due to RuntimeException. Terminating this execution.
2018-04-03 01:28:03,116 [scoreWorkerScheduler-3] (FailedFlowsHandler.java:92) WARN  - Execution 892944924 branch null was marked as FAILED due to RuntimeException. Terminating this execution.
2018-04-03 01:28:08,282 [scoreWorkerScheduler-3] (FailedFlowsHandler.java:92) WARN  - Execution 892944924 branch null was marked as FAILED due to RuntimeException. Terminating this execution.
2018-04-03 01:28:13,474 [scoreWorkerScheduler-3] (FailedFlowsHandler.java:92) WARN  - Execution 892944924 branch null was marked as FAILED due to RuntimeException. Terminating this execution.
2018-04-03 01:29:51,875 [scoreWorkerScheduler-1] (FailedFlowsHandler.java:92) WARN  - Execution 853043631 branch null was marked as FAILED due to RuntimeException. Terminating this execution.
2018-04-03 01:29:57,063 [scoreWorkerScheduler-1] (FailedFlowsHandler.java:92) WARN  - Execution 853043631 branch null was marked as FAILED due to RuntimeException. Terminating this execution.
2018-04-03 01:30:02,261 [scoreWorkerScheduler-1] (FailedFlowsHandler.java:92) WARN  - Execution 853043631 branch null was marked as FAILED due to RuntimeException. Terminating this execution.
2018-04-03 01:30:07,469 [scoreWorkerScheduler-1] (FailedFlowsHandler.java:92) WARN  - Execution 853043631 branch null was marked as FAILED due to RuntimeException. Terminating this execution.
2018-04-03 01:30:12,657 [scoreWorkerScheduler-1] (FailedFlowsHandler.java:92) WARN  - Execution 853043631 branch null was marked as FAILED due to RuntimeException. Terminating this execution.
2018-04-03 01:31:51,840 [scoreWorkerScheduler-1] (FailedFlowsHandler.java:92) WARN  - Execution 853043631 branch null was marked as FAILED due to RuntimeException. Terminating this execution.
2018-04-03 01:31:57,028 [scoreWorkerScheduler-1] (FailedFlowsHandler.java:92) WARN  - Execution 853043631 branch null was marked as FAILED due to RuntimeException. Terminating this execution.
2018-04-03 01:32:02,233 [scoreWorkerScheduler-1] (FailedFlowsHandler.java:92) WARN  - Execution 853043631 branch null was marked as FAILED due to RuntimeException. Terminating this execution.
2018-04-03 01:32:07,402 [scoreWorkerScheduler-1] (FailedFlowsHandler.java:92) WARN  - Execution 853043631 branch null was marked as FAILED due to RuntimeException. Terminating this execution.
2018-04-03 01:32:12,575 [scoreWorkerScheduler-1] (FailedFlowsHandler.java:92) WARN  - Execution 853043631 branch null was marked as FAILED due to RuntimeException. Terminating this execution.
2018-04-03 01:33:52,050 [scoreWorkerScheduler-2] (FailedFlowsHandler.java:92) WARN  - Execution 892902496 branch null was marked as FAILED due to RuntimeException. Terminating this execution.
2018-04-03 01:33:57,240 [scoreWorkerScheduler-2] (FailedFlowsHandler.java:92) WARN  - Execution 892902496 branch null was marked as FAILED due to RuntimeException. Terminating this execution.
2018-04-03 01:34:02,417 [scoreWorkerScheduler-2] (FailedFlowsHandler.java:92) WARN  - Execution 892902496 branch null was marked as FAILED due to RuntimeException. Terminating this execution.
2018-04-03 01:34:07,587 [scoreWorkerScheduler-2] (FailedFlowsHandler.java:92) WARN  - Execution 892902496 branch null was marked as FAILED due to RuntimeException. Terminating this execution.
2018-04-03 01:34:12,774 [scoreWorkerScheduler-2] (FailedFlowsHandler.java:92) WARN  - Execution 892902496 branch null was marked as FAILED due to RuntimeException. Terminating this execution.
2018-04-03 01:35:52,107 [scoreWorkerScheduler-2] (FailedFlowsHandler.java:92) WARN  - Execution 892902390 branch null was marked as FAILED due to RuntimeException. Terminating this execution.
2018-04-03 01:35:57,292 [scoreWorkerScheduler-2] (FailedFlowsHandler.java:92) WARN  - Execution 892902390 branch null was marked as FAILED due to RuntimeException. Terminating this execution.
2018-04-03 01:36:02,467 [scoreWorkerScheduler-2] (FailedFlowsHandler.java:92) WARN  - Execution 892902390 branch null was marked as FAILED due to RuntimeException. Terminating this execution.
2018-04-03 01:36:07,669 [scoreWorkerScheduler-2] (FailedFlowsHandler.java:92) WARN  - Execution 892902390 branch null was marked as FAILED due to RuntimeException. Terminating this execution.
2018-04-03 01:36:12,841 [scoreWorkerScheduler-2] (FailedFlowsHandler.java:92) WARN  - Execution 892902390 branch null was marked as FAILED due to RuntimeException. Terminating this execution.
2018-04-03 01:37:51,821 [scoreWorkerScheduler-1] (FailedFlowsHandler.java:92) WARN  - Execution 853041985 branch null was marked as FAILED due to RuntimeException. Terminating this execution.
2018-04-03 01:37:57,031 [scoreWorkerScheduler-1] (FailedFlowsHandler.java:92) WARN  - Execution 853041985 branch null was marked as FAILED due to RuntimeException. Terminating this execution.
2018-04-03 01:38:02,204 [scoreWorkerScheduler-1] (FailedFlowsHandler.java:92) WARN  - Execution 853041985 branch null was marked as FAILED due to RuntimeException. Terminating this execution.
2018-04-03 01:38:07,403 [scoreWorkerScheduler-1] (FailedFlowsHandler.java:92) WARN  - Execution 853041985 branch null was marked as FAILED due to RuntimeException. Terminating this execution.
2018-04-03 01:38:12,575 [scoreWorkerScheduler-1] (FailedFlowsHandler.java:92) WARN  - Execution 853041985 branch null was marked as FAILED due to RuntimeException. Terminating this execution.
2018-04-03 01:39:51,910 [scoreWorkerScheduler-3] (FailedFlowsHandler.java:92) WARN  - Execution 892902061 branch null was marked as FAILED due to RuntimeException. Terminating this execution.
2018-04-03 01:39:57,089 [scoreWorkerScheduler-3] (FailedFlowsHandler.java:92) WARN  - Execution 892902061 branch null was marked as FAILED due to RuntimeException. Terminating this execution.
2018-04-03 01:40:02,281 [scoreWorkerScheduler-3] (FailedFlowsHandler.java:92) WARN  - Execution 892902061 branch null was marked as FAILED due to RuntimeException. Terminating this execution.
2018-04-03 01:40:07,454 [scoreWorkerScheduler-3] (FailedFlowsHandler.java:92) WARN  - Execution 892902061 branch null was marked as FAILED due to RuntimeException. Terminating this execution.
2018-04-03 01:40:12,626 [scoreWorkerScheduler-3] (FailedFlowsHandler.java:92) WARN  - Execution 892902061 branch null was marked as FAILED due to RuntimeException. Terminating this execution.
2018-04-03 01:41:52,003 [scoreWorkerScheduler-3] (FailedFlowsHandler.java:92) WARN  - Execution 892902061 branch null was marked as FAILED due to RuntimeException. Terminating this execution.
2018-04-03 01:41:57,208 [scoreWorkerScheduler-3] (FailedFlowsHandler.java:92) WARN  - Execution 892902061 branch null was marked as FAILED due to RuntimeException. Terminating this execution.
2018-04-03 01:42:02,382 [scoreWorkerScheduler-3] (FailedFlowsHandler.java:92) WARN  - Execution 892902061 branch null was marked as FAILED due to RuntimeException. Terminating this execution.
2018-04-03 01:42:07,559 [scoreWorkerScheduler-3] (FailedFlowsHandler.java:92) WARN  - Execution 892902061 branch null was marked as FAILED due to RuntimeException. Terminating this execution.
2018-04-03 01:42:12,734 [scoreWorkerScheduler-3] (FailedFlowsHandler.java:92) WARN  - Execution 892902061 branch null was marked as FAILED due to RuntimeException. Terminating this execution.
2018-04-03 01:43:52,013 [scoreWorkerScheduler-2] (FailedFlowsHandler.java:92) WARN  - Execution 892902061 branch null was marked as FAILED due to RuntimeException. Terminating this execution.
2018-04-03 01:43:57,187 [scoreWorkerScheduler-2] (FailedFlowsHandler.java:92) WARN  - Execution 892902061 branch null was marked as FAILED due to RuntimeException. Terminating this execution.
2018-04-03 01:44:02,356 [scoreWorkerScheduler-2] (FailedFlowsHandler.java:92) WARN  - Execution 892902061 branch null was marked as FAILED due to RuntimeException. Terminating this execution.
2018-04-03 01:44:07,546 [scoreWorkerScheduler-2] (FailedFlowsHandler.java:92) WARN  - Execution 892902061 branch null was marked as FAILED due to RuntimeException. Terminating this execution.
2018-04-03 01:44:12,718 [scoreWorkerScheduler-2] (FailedFlowsHandler.java:92) WARN  - Execution 892902061 branch null was marked as FAILED due to RuntimeException. Terminating this execution.
2018-04-03 01:45:51,978 [scoreWorkerScheduler-2] (FailedFlowsHandler.java:92) WARN  - Execution 892902061 branch null was marked as FAILED due to RuntimeException. Terminating this execution.
2018-04-03 01:45:57,128 [scoreWorkerScheduler-2] (FailedFlowsHandler.java:92) WARN  - Execution 892902061 branch null was marked as FAILED due to RuntimeException. Terminating this execution.
2018-04-03 01:46:02,276 [scoreWorkerScheduler-2] (FailedFlowsHandler.java:92) WARN  - Execution 892902061 branch null was marked as FAILED due to RuntimeException. Terminating this execution.
2018-04-03 01:46:07,461 [scoreWorkerScheduler-2] (FailedFlowsHandler.java:92) WARN  - Execution 892902061 branch null was marked as FAILED due to RuntimeException. Terminating this execution.
2018-04-03 01:46:12,619 [scoreWorkerScheduler-2] (FailedFlowsHandler.java:92) WARN  - Execution 892902061 branch null was marked as FAILED due to RuntimeException. Terminating this execution.
2018-04-03 01:47:51,875 [scoreWorkerScheduler-3] (FailedFlowsHandler.java:92) WARN  - Execution 892902061 branch null was marked as FAILED due to RuntimeException. Terminating this execution.
2018-04-03 01:47:57,050 [scoreWorkerScheduler-3] (FailedFlowsHandler.java:92) WARN  - Execution 892902061 branch null was marked as FAILED due to RuntimeException. Terminating this execution.
2018-04-03 01:48:02,223 [scoreWorkerScheduler-3] (FailedFlowsHandler.java:92) WARN  - Execution 892902061 branch null was marked as FAILED due to RuntimeException. Terminating this execution.
2018-04-03 01:48:07,399 [scoreWorkerScheduler-3] (FailedFlowsHandler.java:92) WARN  - Execution 892902061 branch null was marked as FAILED due to RuntimeException. Terminating this execution.
2018-04-03 01:48:12,610 [scoreWorkerScheduler-3] (FailedFlowsHandler.java:92) WARN  - Execution 892902061 branch null was marked as FAILED due to RuntimeException. Terminating this execution.
2018-04-03 01:49:52,060 [scoreWorkerScheduler-5] (FailedFlowsHandler.java:92) WARN  - Execution 892902061 branch null was marked as FAILED due to RuntimeException. Terminating this execution.
2018-04-03 01:49:57,203 [scoreWorkerScheduler-5] (FailedFlowsHandler.java:92) WARN  - Execution 892902061 branch null was marked as FAILED due to RuntimeException. Terminating this execution.
2018-04-03 01:50:02,352 [scoreWorkerScheduler-5] (FailedFlowsHandler.java:92) WARN  - Execution 892902061 branch null was marked as FAILED due to RuntimeException. Terminating this execution.
2018-04-03 01:50:07,494 [scoreWorkerScheduler-5] (FailedFlowsHandler.java:92) WARN  - Execution 892902061 branch null was marked as FAILED due to RuntimeException. Terminating this execution.
2018-04-03 01:50:12,637 [scoreWorkerScheduler-5] (FailedFlowsHandler.java:92) WARN  - Execution 892902061 branch null was marked as FAILED due to RuntimeException. Terminating this execution.
2018-04-03 01:51:51,514 [local-scheduler-persisted_Worker-2] (FailedNoWorkerHandler.java:67) WARN  - Can't continue with execution with id= 957719964, There are no available workers for group: GO4SAP, Going to pause this execution.
2018-04-03 01:51:51,859 [scoreWorkerScheduler-4] (FailedFlowsHandler.java:92) WARN  - Execution 892902061 branch null was marked as FAILED due to RuntimeException. Terminating this execution.
2018-04-03 01:51:57,022 [scoreWorkerScheduler-4] (FailedFlowsHandler.java:92) WARN  - Execution 892902061 branch null was marked as FAILED due to RuntimeException. Terminating this execution.
2018-04-03 01:52:02,173 [scoreWorkerScheduler-4] (FailedFlowsHandler.java:92) WARN  - Execution 892902061 branch null was marked as FAILED due to RuntimeException. Terminating this execution.
2018-04-03 01:52:03,498 [http-nio-8445-exec-46] (FailedNoWorkerHandler.java:67) WARN  - Can't continue with execution with id= 957719964, There are no available workers for group: GO4SAP, Going to pause this execution.
2018-04-03 01:52:07,322 [scoreWorkerScheduler-4] (FailedFlowsHandler.java:92) WARN  - Execution 892902061 branch null was marked as FAILED due to RuntimeException. Terminating this execution.
2018-04-03 01:52:12,474 [scoreWorkerScheduler-4] (FailedFlowsHandler.java:92) WARN  - Execution 892902061 branch null was marked as FAILED due to RuntimeException. Terminating this execution.
2018-04-03 01:53:51,939 [scoreWorkerScheduler-1] (FailedFlowsHandler.java:92) WARN  - Execution 892902061 branch null was marked as FAILED due to RuntimeException. Terminating this execution.
2018-04-03 01:53:57,028 [scoreWorkerScheduler-1] (FailedFlowsHandler.java:92) WARN  - Execution 892902061 branch null was marked as FAILED due to RuntimeException. Terminating this execution.
2018-04-03 01:54:02,116 [scoreWorkerScheduler-1] (FailedFlowsHandler.java:92) WARN  - Execution 892902061 branch null was marked as FAILED due to RuntimeException. Terminating this execution.
2018-04-03 01:54:07,204 [scoreWorkerScheduler-1] (FailedFlowsHandler.java:92) WARN  - Execution 892902061 branch null was marked as FAILED due to RuntimeException. Terminating this execution.
2018-04-03 01:54:12,292 [scoreWorkerScheduler-1] (FailedFlowsHandler.java:92) WARN  - Execution 892902061 branch null was marked as FAILED due to RuntimeException. Terminating this execution.
2018-04-03 01:55:51,712 [scoreWorkerScheduler-5] (FailedFlowsHandler.java:92) WARN  - Execution 892902061 branch null was marked as FAILED due to RuntimeException. Terminating this execution.
2018-04-03 01:55:56,793 [scoreWorkerScheduler-5] (FailedFlowsHandler.java:92) WARN  - Execution 892902061 branch null was marked as FAILED due to RuntimeException. Terminating this execution.
2018-04-03 01:56:01,855 [scoreWorkerScheduler-5] (FailedFlowsHandler.java:92) WARN  - Execution 892902061 branch null was marked as FAILED due to RuntimeException. Terminating this execution.
2018-04-03 01:56:06,919 [scoreWorkerScheduler-5] (FailedFlowsHandler.java:92) WARN  - Execution 892902061 branch null was marked as FAILED due to RuntimeException. Terminating this execution.
2018-04-03 01:56:11,973 [scoreWorkerScheduler-5] (FailedFlowsHandler.java:92) WARN  - Execution 892902061 branch null was marked as FAILED due to RuntimeException. Terminating this execution.
2018-04-03 01:57:51,900 [scoreWorkerScheduler-3] (FailedFlowsHandler.java:92) WARN  - Execution 892902061 branch null was marked as FAILED due to RuntimeException. Terminating this execution.
2018-04-03 01:57:56,938 [scoreWorkerScheduler-3] (FailedFlowsHandler.java:92) WARN  - Execution 892902061 branch null was marked as FAILED due to RuntimeException. Terminating this execution.
2018-04-03 01:58:01,974 [scoreWorkerScheduler-3] (FailedFlowsHandler.java:92) WARN  - Execution 892902061 branch null was marked as FAILED due to RuntimeException. Terminating this execution.
2018-04-03 01:58:07,007 [scoreWorkerScheduler-3] (FailedFlowsHandler.java:92) WARN  - Execution 892902061 branch null was marked as FAILED due to RuntimeException. Terminating this execution.
2018-04-03 01:58:12,043 [scoreWorkerScheduler-3] (FailedFlowsHandler.java:92) WARN  - Execution 892902061 branch null was marked as FAILED due to RuntimeException. Terminating this execution.
2018-04-03 01:59:51,663 [scoreWorkerScheduler-4] (FailedFlowsHandler.java:92) WARN  - Execution 892902061 branch null was marked as FAILED due to RuntimeException. Terminating this execution.
2018-04-03 01:59:56,694 [scoreWorkerScheduler-4] (FailedFlowsHandler.java:92) WARN  - Execution 892902061 branch null was marked as FAILED due to RuntimeException. Terminating this execution.
2018-04-03 02:00:01,720 [scoreWorkerScheduler-4] (FailedFlowsHandler.java:92) WARN  - Execution 892902061 branch null was marked as FAILED due to RuntimeException. Terminating this execution.
2018-04-03 02:00:06,746 [scoreWorkerScheduler-4] (FailedFlowsHandler.java:92) WARN  - Execution 892902061 branch null was marked as FAILED due to RuntimeException. Terminating this execution.
2018-04-03 02:00:11,772 [scoreWorkerScheduler-4] (FailedFlowsHandler.java:92) WARN  - Execution 892902061 branch null was marked as FAILED due to RuntimeException. Terminating this execution.
2018-04-03 02:01:51,808 [scoreWorkerScheduler-1] (FailedFlowsHandler.java:92) WARN  - Execution 892902061 branch null was marked as FAILED due to RuntimeException. Terminating this execution.
2018-04-03 02:01:56,841 [scoreWorkerScheduler-1] (FailedFlowsHandler.java:92) WARN  - Execution 892902061 branch null was marked as FAILED due to RuntimeException. Terminating this execution.
2018-04-03 02:02:01,866 [scoreWorkerScheduler-1] (FailedFlowsHandler.java:92) WARN  - Execution 892902061 branch null was marked as FAILED due to RuntimeException. Terminating this execution.
2018-04-03 02:02:06,893 [scoreWorkerScheduler-1] (FailedFlowsHandler.java:92) WARN  - Execution 892902061 branch null was marked as FAILED due to RuntimeException. Terminating this execution.
2018-04-03 02:02:11,918 [scoreWorkerScheduler-1] (FailedFlowsHandler.java:92) WARN  - Execution 892902061 branch null was marked as FAILED due to RuntimeException. Terminating this execution.
2018-04-03 02:03:51,842 [scoreWorkerScheduler-3] (FailedFlowsHandler.java:92) WARN  - Execution 892902061 branch null was marked as FAILED due to RuntimeException. Terminating this execution.
2018-04-03 02:03:56,866 [scoreWorkerScheduler-3] (FailedFlowsHandler.java:92) WARN  - Execution 892902061 branch null was marked as FAILED due to RuntimeException. Terminating this execution.
2018-04-03 02:04:01,896 [scoreWorkerScheduler-3] (FailedFlowsHandler.java:92) WARN  - Execution 892902061 branch null was marked as FAILED due to RuntimeException. Terminating this execution.
2018-04-03 02:04:06,920 [scoreWorkerScheduler-3] (FailedFlowsHandler.java:92) WARN  - Execution 892902061 branch null was marked as FAILED due to RuntimeException. Terminating this execution.
2018-04-03 02:04:11,949 [scoreWorkerScheduler-3] (FailedFlowsHandler.java:92) WARN  - Execution 892902061 branch null was marked as FAILED due to RuntimeException. Terminating this execution.
2018-04-03 02:05:51,827 [scoreWorkerScheduler-4] (FailedFlowsHandler.java:92) WARN  - Execution 892902061 branch null was marked as FAILED due to RuntimeException. Terminating this execution.
2018-04-03 02:05:56,848 [scoreWorkerScheduler-4] (FailedFlowsHandler.java:92) WARN  - Execution 892902061 branch null was marked as FAILED due to RuntimeException. Terminating this execution.
2018-04-03 02:06:01,869 [scoreWorkerScheduler-4] (FailedFlowsHandler.java:92) WARN  - Execution 892902061 branch null was marked as FAILED due to RuntimeException. Terminating this execution.
2018-04-03 02:06:06,898 [scoreWorkerScheduler-4] (FailedFlowsHandler.java:92) WARN  - Execution 892902061 branch null was marked as FAILED due to RuntimeException. Terminating this execution.
2018-04-03 02:06:11,928 [scoreWorkerScheduler-4] (FailedFlowsHandler.java:92) WARN  - Execution 892902061 branch null was marked as FAILED due to RuntimeException. Terminating this execution.
2018-04-03 02:07:51,711 [scoreWorkerScheduler-4] (FailedFlowsHandler.java:92) WARN  - Execution 892902061 branch null was marked as FAILED due to RuntimeException. Terminating this execution.
2018-04-03 02:07:56,733 [scoreWorkerScheduler-4] (FailedFlowsHandler.java:92) WARN  - Execution 892902061 branch null was marked as FAILED due to RuntimeException. Terminating this execution.
2018-04-03 02:08:01,756 [scoreWorkerScheduler-4] (FailedFlowsHandler.java:92) WARN  - Execution 892902061 branch null was marked as FAILED due to RuntimeException. Terminating this execution.
2018-04-03 02:08:06,779 [scoreWorkerScheduler-4] (FailedFlowsHandler.java:92) WARN  - Execution 892902061 branch null was marked as FAILED due to RuntimeException. Terminating this execution.
2018-04-03 02:08:11,803 [scoreWorkerScheduler-4] (FailedFlowsHandler.java:92) WARN  - Execution 892902061 branch null was marked as FAILED due to RuntimeException. Terminating this execution.
2018-04-03 02:09:51,731 [scoreWorkerScheduler-2] (FailedFlowsHandler.java:92) WARN  - Execution 892902061 branch null was marked as FAILED due to RuntimeException. Terminating this execution.
2018-04-03 02:09:56,761 [scoreWorkerScheduler-2] (FailedFlowsHandler.java:92) WARN  - Execution 892902061 branch null was marked as FAILED due to RuntimeException. Terminating this execution.
2018-04-03 02:10:01,796 [scoreWorkerScheduler-2] (FailedFlowsHandler.java:92) WARN  - Execution 892902061 branch null was marked as FAILED due to RuntimeException. Terminating this execution.
2018-04-03 02:10:06,819 [scoreWorkerScheduler-2] (FailedFlowsHandler.java:92) WARN  - Execution 892902061 branch null was marked as FAILED due to RuntimeException. Terminating this execution.
2018-04-03 02:10:11,841 [scoreWorkerScheduler-2] (FailedFlowsHandler.java:92) WARN  - Execution 892902061 branch null was marked as FAILED due to RuntimeException. Terminating this execution.
2018-04-03 02:11:51,828 [scoreWorkerScheduler-1] (FailedFlowsHandler.java:92) WARN  - Execution 892902061 branch null was marked as FAILED due to RuntimeException. Terminating this execution.
2018-04-03 02:11:56,840 [scoreWorkerScheduler-1] (FailedFlowsHandler.java:92) WARN  - Execution 892902061 branch null was marked as FAILED due to RuntimeException. Terminating this execution.
2018-04-03 02:12:01,850 [scoreWorkerScheduler-1] (FailedFlowsHandler.java:92) WARN  - Execution 892902061 branch null was marked as FAILED due to RuntimeException. Terminating this execution.
2018-04-03 02:12:06,859 [scoreWorkerScheduler-1] (FailedFlowsHandler.java:92) WARN  - Execution 892902061 branch null was marked as FAILED due to RuntimeException. Terminating this execution.
2018-04-03 02:12:11,868 [scoreWorkerScheduler-1] (FailedFlowsHandler.java:92) WARN  - Execution 892902061 branch null was marked as FAILED due to RuntimeException. Terminating this execution.
2018-04-03 02:13:51,831 [scoreWorkerScheduler-4] (FailedFlowsHandler.java:92) WARN  - Execution 892902061 branch null was marked as FAILED due to RuntimeException. Terminating this execution.
2018-04-03 02:13:56,839 [scoreWorkerScheduler-4] (FailedFlowsHandler.java:92) WARN  - Execution 892902061 branch null was marked as FAILED due to RuntimeException. Terminating this execution.
2018-04-03 02:14:01,848 [scoreWorkerScheduler-4] (FailedFlowsHandler.java:92) WARN  - Execution 892902061 branch null was marked as FAILED due to RuntimeException. Terminating this execution.
2018-04-03 02:14:06,856 [scoreWorkerScheduler-4] (FailedFlowsHandler.java:92) WARN  - Execution 892902061 branch null was marked as FAILED due to RuntimeException. Terminating this execution.
2018-04-03 02:14:11,866 [scoreWorkerScheduler-4] (FailedFlowsHandler.java:92) WARN  - Execution 892902061 branch null was marked as FAILED due to RuntimeException. Terminating this execution.
2018-04-03 02:15:51,960 [scoreWorkerScheduler-3] (FailedFlowsHandler.java:92) WARN  - Execution 892902061 branch null was marked as FAILED due to RuntimeException. Terminating this execution.
2018-04-03 02:15:56,967 [scoreWorkerScheduler-3] (FailedFlowsHandler.java:92) WARN  - Execution 892902061 branch null was marked as FAILED due to RuntimeException. Terminating this execution.
2018-04-03 02:16:01,980 [scoreWorkerScheduler-3] (FailedFlowsHandler.java:92) WARN  - Execution 892902061 branch null was marked as FAILED due to RuntimeException. Terminating this execution.
2018-04-03 02:16:06,988 [scoreWorkerScheduler-3] (FailedFlowsHandler.java:92) WARN  - Execution 892902061 branch null was marked as FAILED due to RuntimeException. Terminating this execution.
2018-04-03 02:16:11,996 [scoreWorkerScheduler-3] (FailedFlowsHandler.java:92) WARN  - Execution 892902061 branch null was marked as FAILED due to RuntimeException. Terminating this execution.
2018-04-03 02:17:53,423 [scoreWorkerScheduler-5] (FailedFlowsHandler.java:92) WARN  - Execution 892902061 branch null was marked as FAILED due to RuntimeException. Terminating this execution.
2018-04-03 02:17:58,429 [scoreWorkerScheduler-5] (FailedFlowsHandler.java:92) WARN  - Execution 892902061 branch null was marked as FAILED due to RuntimeException. Terminating this execution.
2018-04-03 02:18:03,436 [scoreWorkerScheduler-5] (FailedFlowsHandler.java:92) WARN  - Execution 892902061 branch null was marked as FAILED due to RuntimeException. Terminating this execution.
2018-04-03 02:18:08,460 [scoreWorkerScheduler-5] (FailedFlowsHandler.java:92) WARN  - Execution 892902061 branch null was marked as FAILED due to RuntimeException. Terminating this execution.
2018-04-03 02:18:13,469 [scoreWorkerScheduler-5] (FailedFlowsHandler.java:92) WARN  - Execution 892902061 branch null was marked as FAILED due to RuntimeException. Terminating this execution.
2018-04-03 02:19:55,498 [scoreWorkerScheduler-3] (FailedFlowsHandler.java:92) WARN  - Execution 892902061 branch null was marked as FAILED due to RuntimeException. Terminating this execution.
2018-04-03 02:20:00,519 [scoreWorkerScheduler-3] (FailedFlowsHandler.java:92) WARN  - Execution 892902061 branch null was marked as FAILED due to RuntimeException. Terminating this execution.
2018-04-03 02:20:05,542 [scoreWorkerScheduler-3] (FailedFlowsHandler.java:92) WARN  - Execution 892902061 branch null was marked as FAILED due to RuntimeException. Terminating this execution.
2018-04-03 02:20:10,564 [scoreWorkerScheduler-3] (FailedFlowsHandler.java:92) WARN  - Execution 892902061 branch null was marked as FAILED due to RuntimeException. Terminating this execution.
2018-04-03 02:20:15,585 [scoreWorkerScheduler-3] (FailedFlowsHandler.java:92) WARN  - Execution 892902061 branch null was marked as FAILED due to RuntimeException. Terminating this execution.
2018-04-03 02:21:51,719 [scoreWorkerScheduler-4] (FailedFlowsHandler.java:92) WARN  - Execution 892902061 branch null was marked as FAILED due to RuntimeException. Terminating this execution.
2018-04-03 02:21:56,740 [scoreWorkerScheduler-4] (FailedFlowsHandler.java:92) WARN  - Execution 892902061 branch null was marked as FAILED due to RuntimeException. Terminating this execution.
2018-04-03 02:22:01,763 [scoreWorkerScheduler-4] (FailedFlowsHandler.java:92) WARN  - Execution 892902061 branch null was marked as FAILED due to RuntimeException. Terminating this execution.
2018-04-03 02:22:06,795 [scoreWorkerScheduler-4] (FailedFlowsHandler.java:92) WARN  - Execution 892902061 branch null was marked as FAILED due to RuntimeException. Terminating this execution.
2018-04-03 02:22:11,817 [scoreWorkerScheduler-4] (FailedFlowsHandler.java:92) WARN  - Execution 892902061 branch null was marked as FAILED due to RuntimeException. Terminating this execution.
2018-04-03 02:23:51,849 [scoreWorkerScheduler-2] (FailedFlowsHandler.java:92) WARN  - Execution 892902061 branch null was marked as FAILED due to RuntimeException. Terminating this execution.
2018-04-03 02:23:56,884 [scoreWorkerScheduler-2] (FailedFlowsHandler.java:92) WARN  - Execution 892902061 branch null was marked as FAILED due to RuntimeException. Terminating this execution.
2018-04-03 02:24:01,927 [scoreWorkerScheduler-2] (FailedFlowsHandler.java:92) WARN  - Execution 892902061 branch null was marked as FAILED due to RuntimeException. Terminating this execution.
2018-04-03 02:24:06,967 [scoreWorkerScheduler-2] (FailedFlowsHandler.java:92) WARN  - Execution 892902061 branch null was marked as FAILED due to RuntimeException. Terminating this execution.
2018-04-03 02:24:12,005 [scoreWorkerScheduler-2] (FailedFlowsHandler.java:92) WARN  - Execution 892902061 branch null was marked as FAILED due to RuntimeException. Terminating this execution.
2018-04-03 02:25:54,182 [scoreWorkerScheduler-4] (FailedFlowsHandler.java:92) WARN  - Execution 892902061 branch null was marked as FAILED due to RuntimeException. Terminating this execution.
2018-04-03 02:25:59,214 [scoreWorkerScheduler-4] (FailedFlowsHandler.java:92) WARN  - Execution 892902061 branch null was marked as FAILED due to RuntimeException. Terminating this execution.
2018-04-03 02:26:04,252 [scoreWorkerScheduler-4] (FailedFlowsHandler.java:92) WARN  - Execution 892902061 branch null was marked as FAILED due to RuntimeException. Terminating this execution.
2018-04-03 02:26:09,284 [scoreWorkerScheduler-4] (FailedFlowsHandler.java:92) WARN  - Execution 892902061 branch null was marked as FAILED due to RuntimeException. Terminating this execution.
2018-04-03 02:26:14,319 [scoreWorkerScheduler-4] (FailedFlowsHandler.java:92) WARN  - Execution 892902061 branch null was marked as FAILED due to RuntimeException. Terminating this execution.
2018-04-03 02:27:57,373 [scoreWorkerScheduler-3] (FailedFlowsHandler.java:92) WARN  - Execution 892902061 branch null was marked as FAILED due to RuntimeException. Terminating this execution.
2018-04-03 02:28:02,394 [scoreWorkerScheduler-3] (FailedFlowsHandler.java:92) WARN  - Execution 892902061 branch null was marked as FAILED due to RuntimeException. Terminating this execution.
2018-04-03 02:28:07,417 [scoreWorkerScheduler-3] (FailedFlowsHandler.java:92) WARN  - Execution 892902061 branch null was marked as FAILED due to RuntimeException. Terminating this execution.
2018-04-03 02:28:12,444 [scoreWorkerScheduler-3] (FailedFlowsHandler.java:92) WARN  - Execution 892902061 branch null was marked as FAILED due to RuntimeException. Terminating this execution.
2018-04-03 02:28:17,466 [scoreWorkerScheduler-3] (FailedFlowsHandler.java:92) WARN  - Execution 892902061 branch null was marked as FAILED due to RuntimeException. Terminating this execution.
2018-04-03 02:29:52,408 [scoreWorkerScheduler-1] (FailedFlowsHandler.java:92) WARN  - Execution 892902061 branch null was marked as FAILED due to RuntimeException. Terminating this execution.
2018-04-03 02:29:57,414 [scoreWorkerScheduler-1] (FailedFlowsHandler.java:92) WARN  - Execution 892902061 branch null was marked as FAILED due to RuntimeException. Terminating this execution.
2018-04-03 02:30:02,418 [scoreWorkerScheduler-1] (FailedFlowsHandler.java:92) WARN  - Execution 892902061 branch null was marked as FAILED due to RuntimeException. Terminating this execution.
2018-04-03 02:30:07,426 [scoreWorkerScheduler-1] (FailedFlowsHandler.java:92) WARN  - Execution 892902061 branch null was marked as FAILED due to RuntimeException. Terminating this execution.
2018-04-03 02:30:12,432 [scoreWorkerScheduler-1] (FailedFlowsHandler.java:92) WARN  - Execution 892902061 branch null was marked as FAILED due to RuntimeException. Terminating this execution.
2018-04-03 02:31:51,942 [scoreWorkerScheduler-1] (FailedFlowsHandler.java:92) WARN  - Execution 905903617 branch null was marked as FAILED due to RuntimeException. Terminating this execution.
2018-04-03 02:31:57,021 [scoreWorkerScheduler-1] (FailedFlowsHandler.java:92) WARN  - Execution 905903617 branch null was marked as FAILED due to RuntimeException. Terminating this execution.
2018-04-03 02:32:02,117 [scoreWorkerScheduler-1] (FailedFlowsHandler.java:92) WARN  - Execution 905903617 branch null was marked as FAILED due to RuntimeException. Terminating this execution.
2018-04-03 02:32:07,204 [scoreWorkerScheduler-1] (FailedFlowsHandler.java:92) WARN  - Execution 905903617 branch null was marked as FAILED due to RuntimeException. Terminating this execution.
2018-04-03 02:32:12,330 [scoreWorkerScheduler-1] (FailedFlowsHandler.java:92) WARN  - Execution 905903617 branch null was marked as FAILED due to RuntimeException. Terminating this execution.
2018-04-03 02:33:51,946 [scoreWorkerScheduler-1] (FailedFlowsHandler.java:92) WARN  - Execution 905903617 branch null was marked as FAILED due to RuntimeException. Terminating this execution.
2018-04-03 02:33:56,981 [scoreWorkerScheduler-1] (FailedFlowsHandler.java:92) WARN  - Execution 905903617 branch null was marked as FAILED due to RuntimeException. Terminating this execution.
2018-04-03 02:34:02,015 [scoreWorkerScheduler-1] (FailedFlowsHandler.java:92) WARN  - Execution 905903617 branch null was marked as FAILED due to RuntimeException. Terminating this execution.
2018-04-03 02:34:07,061 [scoreWorkerScheduler-1] (FailedFlowsHandler.java:92) WARN  - Execution 905903617 branch null was marked as FAILED due to RuntimeException. Terminating this execution.
2018-04-03 02:34:12,097 [scoreWorkerScheduler-1] (FailedFlowsHandler.java:92) WARN  - Execution 905903617 branch null was marked as FAILED due to RuntimeException. Terminating this execution.
2018-04-03 02:35:51,935 [scoreWorkerScheduler-3] (FailedFlowsHandler.java:92) WARN  - Execution 892902793 branch null was marked as FAILED due to RuntimeException. Terminating this execution.
2018-04-03 02:35:56,951 [scoreWorkerScheduler-3] (FailedFlowsHandler.java:92) WARN  - Execution 892902793 branch null was marked as FAILED due to RuntimeException. Terminating this execution.
2018-04-03 02:36:01,976 [scoreWorkerScheduler-3] (FailedFlowsHandler.java:92) WARN  - Execution 892902793 branch null was marked as FAILED due to RuntimeException. Terminating this execution.
2018-04-03 02:36:06,991 [scoreWorkerScheduler-3] (FailedFlowsHandler.java:92) WARN  - Execution 892902793 branch null was marked as FAILED due to RuntimeException. Terminating this execution.
2018-04-03 02:36:12,011 [scoreWorkerScheduler-3] (FailedFlowsHandler.java:92) WARN  - Execution 892902793 branch null was marked as FAILED due to RuntimeException. Terminating this execution.
2018-04-03 02:37:51,797 [scoreWorkerScheduler-2] (FailedFlowsHandler.java:92) WARN  - Execution 892900976 branch null was marked as FAILED due to RuntimeException. Terminating this execution.
2018-04-03 02:37:56,815 [scoreWorkerScheduler-2] (FailedFlowsHandler.java:92) WARN  - Execution 892900976 branch null was marked as FAILED due to RuntimeException. Terminating this execution.
2018-04-03 02:38:01,835 [scoreWorkerScheduler-2] (FailedFlowsHandler.java:92) WARN  - Execution 892900976 branch null was marked as FAILED due to RuntimeException. Terminating this execution.
2018-04-03 02:38:06,860 [scoreWorkerScheduler-2] (FailedFlowsHandler.java:92) WARN  - Execution 892900976 branch null was marked as FAILED due to RuntimeException. Terminating this execution.
2018-04-03 02:38:11,880 [scoreWorkerScheduler-2] (FailedFlowsHandler.java:92) WARN  - Execution 892900976 branch null was marked as FAILED due to RuntimeException. Terminating this execution.
2018-04-03 02:39:51,923 [scoreWorkerScheduler-3] (FailedFlowsHandler.java:92) WARN  - Execution 892902793 branch null was marked as FAILED due to RuntimeException. Terminating this execution.
2018-04-03 02:39:56,942 [scoreWorkerScheduler-3] (FailedFlowsHandler.java:92) WARN  - Execution 892902793 branch null was marked as FAILED due to RuntimeException. Terminating this execution.
2018-04-03 02:40:01,959 [scoreWorkerScheduler-3] (FailedFlowsHandler.java:92) WARN  - Execution 892902793 branch null was marked as FAILED due to RuntimeException. Terminating this execution.
2018-04-03 02:40:06,980 [scoreWorkerScheduler-3] (FailedFlowsHandler.java:92) WARN  - Execution 892902793 branch null was marked as FAILED due to RuntimeException. Terminating this execution.
2018-04-03 02:40:11,997 [scoreWorkerScheduler-3] (FailedFlowsHandler.java:92) WARN  - Execution 892902793 branch null was marked as FAILED due to RuntimeException. Terminating this execution.
2018-04-03 02:41:52,023 [scoreWorkerScheduler-5] (FailedFlowsHandler.java:92) WARN  - Execution 892912103 branch null was marked as FAILED due to RuntimeException. Terminating this execution.
2018-04-03 02:41:57,058 [scoreWorkerScheduler-5] (FailedFlowsHandler.java:92) WARN  - Execution 892912103 branch null was marked as FAILED due to RuntimeException. Terminating this execution.
2018-04-03 02:42:02,092 [scoreWorkerScheduler-5] (FailedFlowsHandler.java:92) WARN  - Execution 892912103 branch null was marked as FAILED due to RuntimeException. Terminating this execution.
2018-04-03 02:42:07,135 [scoreWorkerScheduler-5] (FailedFlowsHandler.java:92) WARN  - Execution 892912103 branch null was marked as FAILED due to RuntimeException. Terminating this execution.
2018-04-03 02:42:12,170 [scoreWorkerScheduler-5] (FailedFlowsHandler.java:92) WARN  - Execution 892912103 branch null was marked as FAILED due to RuntimeException. Terminating this execution.
2018-04-03 02:43:52,069 [scoreWorkerScheduler-4] (FailedFlowsHandler.java:92) WARN  - Execution 892912103 branch null was marked as FAILED due to RuntimeException. Terminating this execution.
2018-04-03 02:43:57,112 [scoreWorkerScheduler-4] (FailedFlowsHandler.java:92) WARN  - Execution 892912103 branch null was marked as FAILED due to RuntimeException. Terminating this execution.
2018-04-03 02:44:02,148 [scoreWorkerScheduler-4] (FailedFlowsHandler.java:92) WARN  - Execution 892912103 branch null was marked as FAILED due to RuntimeException. Terminating this execution.
2018-04-03 02:44:07,192 [scoreWorkerScheduler-4] (FailedFlowsHandler.java:92) WARN  - Execution 892912103 branch null was marked as FAILED due to RuntimeException. Terminating this execution.
2018-04-03 02:44:12,230 [scoreWorkerScheduler-4] (FailedFlowsHandler.java:92) WARN  - Execution 892912103 branch null was marked as FAILED due to RuntimeException. Terminating this execution.
2018-04-03 02:45:51,912 [scoreWorkerScheduler-5] (FailedFlowsHandler.java:92) WARN  - Execution 892912103 branch null was marked as FAILED due to RuntimeException. Terminating this execution.
2018-04-03 02:45:56,960 [scoreWorkerScheduler-5] (FailedFlowsHandler.java:92) WARN  - Execution 892912103 branch null was marked as FAILED due to RuntimeException. Terminating this execution.
2018-04-03 02:46:01,996 [scoreWorkerScheduler-5] (FailedFlowsHandler.java:92) WARN  - Execution 892912103 branch null was marked as FAILED due to RuntimeException. Terminating this execution.
2018-04-03 02:46:07,038 [scoreWorkerScheduler-5] (FailedFlowsHandler.java:92) WARN  - Execution 892912103 branch null was marked as FAILED due to RuntimeException. Terminating this execution.
2018-04-03 02:46:12,073 [scoreWorkerScheduler-5] (FailedFlowsHandler.java:92) WARN  - Execution 892912103 branch null was marked as FAILED due to RuntimeException. Terminating this execution.
2018-04-03 02:47:51,929 [scoreWorkerScheduler-4] (FailedFlowsHandler.java:92) WARN  - Execution 892912103 branch null was marked as FAILED due to RuntimeException. Terminating this execution.
2018-04-03 02:47:56,962 [scoreWorkerScheduler-4] (FailedFlowsHandler.java:92) WARN  - Execution 892912103 branch null was marked as FAILED due to RuntimeException. Terminating this execution.
2018-04-03 02:48:01,995 [scoreWorkerScheduler-4] (FailedFlowsHandler.java:92) WARN  - Execution 892912103 branch null was marked as FAILED due to RuntimeException. Terminating this execution.
2018-04-03 02:48:07,028 [scoreWorkerScheduler-4] (FailedFlowsHandler.java:92) WARN  - Execution 892912103 branch null was marked as FAILED due to RuntimeException. Terminating this execution.
2018-04-03 02:48:12,071 [scoreWorkerScheduler-4] (FailedFlowsHandler.java:92) WARN  - Execution 892912103 branch null was marked as FAILED due to RuntimeException. Terminating this execution.
2018-04-03 02:49:51,905 [scoreWorkerScheduler-1] (FailedFlowsHandler.java:92) WARN  - Execution 892912103 branch null was marked as FAILED due to RuntimeException. Terminating this execution.
2018-04-03 02:49:56,944 [scoreWorkerScheduler-1] (FailedFlowsHandler.java:92) WARN  - Execution 892912103 branch null was marked as FAILED due to RuntimeException. Terminating this execution.
2018-04-03 02:50:01,978 [scoreWorkerScheduler-1] (FailedFlowsHandler.java:92) WARN  - Execution 892912103 branch null was marked as FAILED due to RuntimeException. Terminating this execution.
2018-04-03 02:50:07,014 [scoreWorkerScheduler-1] (FailedFlowsHandler.java:92) WARN  - Execution 892912103 branch null was marked as FAILED due to RuntimeException. Terminating this execution.
2018-04-03 02:50:12,063 [scoreWorkerScheduler-1] (FailedFlowsHandler.java:92) WARN  - Execution 892912103 branch null was marked as FAILED due to RuntimeException. Terminating this execution.
2018-04-03 02:51:52,007 [scoreWorkerScheduler-1] (FailedFlowsHandler.java:92) WARN  - Execution 853052101 branch null was marked as FAILED due to RuntimeException. Terminating this execution.
2018-04-03 02:51:57,066 [scoreWorkerScheduler-1] (FailedFlowsHandler.java:92) WARN  - Execution 853052101 branch null was marked as FAILED due to RuntimeException. Terminating this execution.
2018-04-03 02:52:02,107 [scoreWorkerScheduler-1] (FailedFlowsHandler.java:92) WARN  - Execution 853052101 branch null was marked as FAILED due to RuntimeException. Terminating this execution.
2018-04-03 02:52:07,149 [scoreWorkerScheduler-1] (FailedFlowsHandler.java:92) WARN  - Execution 853052101 branch null was marked as FAILED due to RuntimeException. Terminating this execution.
2018-04-03 02:52:12,200 [scoreWorkerScheduler-1] (FailedFlowsHandler.java:92) WARN  - Execution 853052101 branch null was marked as FAILED due to RuntimeException. Terminating this execution.
2018-04-03 02:53:52,229 [scoreWorkerScheduler-3] (FailedFlowsHandler.java:92) WARN  - Execution 892937942 branch null was marked as FAILED due to RuntimeException. Terminating this execution.
2018-04-03 02:53:57,261 [scoreWorkerScheduler-3] (FailedFlowsHandler.java:92) WARN  - Execution 892937942 branch null was marked as FAILED due to RuntimeException. Terminating this execution.
2018-04-03 02:54:02,289 [scoreWorkerScheduler-3] (FailedFlowsHandler.java:92) WARN  - Execution 892937942 branch null was marked as FAILED due to RuntimeException. Terminating this execution.
2018-04-03 02:54:07,324 [scoreWorkerScheduler-3] (FailedFlowsHandler.java:92) WARN  - Execution 892937942 branch null was marked as FAILED due to RuntimeException. Terminating this execution.
2018-04-03 02:54:12,356 [scoreWorkerScheduler-3] (FailedFlowsHandler.java:92) WARN  - Execution 892937942 branch null was marked as FAILED due to RuntimeException. Terminating this execution.
2018-04-03 02:55:52,017 [scoreWorkerScheduler-2] (FailedFlowsHandler.java:92) WARN  - Execution 892937942 branch null was marked as FAILED due to RuntimeException. Terminating this execution.
2018-04-03 02:55:57,048 [scoreWorkerScheduler-2] (FailedFlowsHandler.java:92) WARN  - Execution 892937942 branch null was marked as FAILED due to RuntimeException. Terminating this execution.
2018-04-03 02:56:02,075 [scoreWorkerScheduler-2] (FailedFlowsHandler.java:92) WARN  - Execution 892937942 branch null was marked as FAILED due to RuntimeException. Terminating this execution.
2018-04-03 02:56:07,110 [scoreWorkerScheduler-2] (FailedFlowsHandler.java:92) WARN  - Execution 892937942 branch null was marked as FAILED due to RuntimeException. Terminating this execution.
2018-04-03 02:56:12,146 [scoreWorkerScheduler-2] (FailedFlowsHandler.java:92) WARN  - Execution 892937942 branch null was marked as FAILED due to RuntimeException. Terminating this execution.
2018-04-03 02:57:52,142 [scoreWorkerScheduler-2] (FailedFlowsHandler.java:92) WARN  - Execution 892937942 branch null was marked as FAILED due to RuntimeException. Terminating this execution.
2018-04-03 02:57:57,173 [scoreWorkerScheduler-2] (FailedFlowsHandler.java:92) WARN  - Execution 892937942 branch null was marked as FAILED due to RuntimeException. Terminating this execution.
2018-04-03 02:58:02,205 [scoreWorkerScheduler-2] (FailedFlowsHandler.java:92) WARN  - Execution 892937942 branch null was marked as FAILED due to RuntimeException. Terminating this execution.
2018-04-03 02:58:07,242 [scoreWorkerScheduler-2] (FailedFlowsHandler.java:92) WARN  - Execution 892937942 branch null was marked as FAILED due to RuntimeException. Terminating this execution.
2018-04-03 02:58:12,270 [scoreWorkerScheduler-2] (FailedFlowsHandler.java:92) WARN  - Execution 892937942 branch null was marked as FAILED due to RuntimeException. Terminating this execution.
2018-04-03 02:59:51,957 [scoreWorkerScheduler-2] (FailedFlowsHandler.java:92) WARN  - Execution 853043261 branch null was marked as FAILED due to RuntimeException. Terminating this execution.
2018-04-03 02:59:56,992 [scoreWorkerScheduler-2] (FailedFlowsHandler.java:92) WARN  - Execution 853043261 branch null was marked as FAILED due to RuntimeException. Terminating this execution.
2018-04-03 03:00:02,016 [scoreWorkerScheduler-2] (FailedFlowsHandler.java:92) WARN  - Execution 853043261 branch null was marked as FAILED due to RuntimeException. Terminating this execution.
2018-04-03 03:00:07,057 [scoreWorkerScheduler-2] (FailedFlowsHandler.java:92) WARN  - Execution 853043261 branch null was marked as FAILED due to RuntimeException. Terminating this execution.
2018-04-03 03:00:12,083 [scoreWorkerScheduler-2] (FailedFlowsHandler.java:92) WARN  - Execution 853043261 branch null was marked as FAILED due to RuntimeException. Terminating this execution.
2018-04-03 03:01:51,934 [scoreWorkerScheduler-1] (FailedFlowsHandler.java:92) WARN  - Execution 892912103 branch null was marked as FAILED due to RuntimeException. Terminating this execution.
2018-04-03 03:01:56,978 [scoreWorkerScheduler-1] (FailedFlowsHandler.java:92) WARN  - Execution 892912103 branch null was marked as FAILED due to RuntimeException. Terminating this execution.
2018-04-03 03:02:02,014 [scoreWorkerScheduler-1] (FailedFlowsHandler.java:92) WARN  - Execution 892912103 branch null was marked as FAILED due to RuntimeException. Terminating this execution.
2018-04-03 03:02:07,051 [scoreWorkerScheduler-1] (FailedFlowsHandler.java:92) WARN  - Execution 892912103 branch null was marked as FAILED due to RuntimeException. Terminating this execution.
2018-04-03 03:02:12,086 [scoreWorkerScheduler-1] (FailedFlowsHandler.java:92) WARN  - Execution 892912103 branch null was marked as FAILED due to RuntimeException. Terminating this execution.
2018-04-03 03:03:51,929 [scoreWorkerScheduler-5] (FailedFlowsHandler.java:92) WARN  - Execution 853043261 branch null was marked as FAILED due to RuntimeException. Terminating this execution.
2018-04-03 03:03:56,959 [scoreWorkerScheduler-5] (FailedFlowsHandler.java:92) WARN  - Execution 853043261 branch null was marked as FAILED due to RuntimeException. Terminating this execution.
2018-04-03 03:04:01,988 [scoreWorkerScheduler-5] (FailedFlowsHandler.java:92) WARN  - Execution 853043261 branch null was marked as FAILED due to RuntimeException. Terminating this execution.
2018-04-03 03:04:07,024 [scoreWorkerScheduler-5] (FailedFlowsHandler.java:92) WARN  - Execution 853043261 branch null was marked as FAILED due to RuntimeException. Terminating this execution.
2018-04-03 03:04:12,081 [scoreWorkerScheduler-5] (FailedFlowsHandler.java:92) WARN  - Execution 853043261 branch null was marked as FAILED due to RuntimeException. Terminating this execution.
2018-04-03 03:05:52,034 [scoreWorkerScheduler-2] (FailedFlowsHandler.java:92) WARN  - Execution 892902496 branch null was marked as FAILED due to RuntimeException. Terminating this execution.
2018-04-03 03:05:57,115 [scoreWorkerScheduler-2] (FailedFlowsHandler.java:92) WARN  - Execution 892902496 branch null was marked as FAILED due to RuntimeException. Terminating this execution.
2018-04-03 03:06:02,193 [scoreWorkerScheduler-2] (FailedFlowsHandler.java:92) WARN  - Execution 892902496 branch null was marked as FAILED due to RuntimeException. Terminating this execution.
2018-04-03 03:06:07,271 [scoreWorkerScheduler-2] (FailedFlowsHandler.java:92) WARN  - Execution 892902496 branch null was marked as FAILED due to RuntimeException. Terminating this execution.
2018-04-03 03:06:12,354 [scoreWorkerScheduler-2] (FailedFlowsHandler.java:92) WARN  - Execution 892902496 branch null was marked as FAILED due to RuntimeException. Terminating this execution.
2018-04-03 03:07:52,057 [scoreWorkerScheduler-1] (FailedFlowsHandler.java:92) WARN  - Execution 880100810 branch null was marked as FAILED due to RuntimeException. Terminating this execution.
2018-04-03 03:07:57,104 [scoreWorkerScheduler-1] (FailedFlowsHandler.java:92) WARN  - Execution 880100810 branch null was marked as FAILED due to RuntimeException. Terminating this execution.
2018-04-03 03:08:02,144 [scoreWorkerScheduler-1] (FailedFlowsHandler.java:92) WARN  - Execution 880100810 branch null was marked as FAILED due to RuntimeException. Terminating this execution.
2018-04-03 03:08:07,201 [scoreWorkerScheduler-1] (FailedFlowsHandler.java:92) WARN  - Execution 880100810 branch null was marked as FAILED due to RuntimeException. Terminating this execution.
2018-04-03 03:08:12,248 [scoreWorkerScheduler-1] (FailedFlowsHandler.java:92) WARN  - Execution 880100810 branch null was marked as FAILED due to RuntimeException. Terminating this execution.
2018-04-03 03:09:51,857 [scoreWorkerScheduler-1] (FailedFlowsHandler.java:92) WARN  - Execution 853043261 branch null was marked as FAILED due to RuntimeException. Terminating this execution.
2018-04-03 03:09:56,891 [scoreWorkerScheduler-1] (FailedFlowsHandler.java:92) WARN  - Execution 853043261 branch null was marked as FAILED due to RuntimeException. Terminating this execution.
2018-04-03 03:10:01,924 [scoreWorkerScheduler-1] (FailedFlowsHandler.java:92) WARN  - Execution 853043261 branch null was marked as FAILED due to RuntimeException. Terminating this execution.
2018-04-03 03:10:06,959 [scoreWorkerScheduler-1] (FailedFlowsHandler.java:92) WARN  - Execution 853043261 branch null was marked as FAILED due to RuntimeException. Terminating this execution.
2018-04-03 03:10:11,997 [scoreWorkerScheduler-1] (FailedFlowsHandler.java:92) WARN  - Execution 853043261 branch null was marked as FAILED due to RuntimeException. Terminating this execution.
2018-04-03 03:11:52,012 [scoreWorkerScheduler-2] (FailedFlowsHandler.java:92) WARN  - Execution 892915760 branch null was marked as FAILED due to RuntimeException. Terminating this execution.
2018-04-03 03:11:57,086 [scoreWorkerScheduler-2] (FailedFlowsHandler.java:92) WARN  - Execution 892915760 branch null was marked as FAILED due to RuntimeException. Terminating this execution.
2018-04-03 03:12:02,163 [scoreWorkerScheduler-2] (FailedFlowsHandler.java:92) WARN  - Execution 892915760 branch null was marked as FAILED due to RuntimeException. Terminating this execution.
2018-04-03 03:12:07,234 [scoreWorkerScheduler-2] (FailedFlowsHandler.java:92) WARN  - Execution 892915760 branch null was marked as FAILED due to RuntimeException. Terminating this execution.
2018-04-03 03:12:12,342 [scoreWorkerScheduler-2] (FailedFlowsHandler.java:92) WARN  - Execution 892915760 branch null was marked as FAILED due to RuntimeException. Terminating this execution.
2018-04-03 03:13:52,119 [scoreWorkerScheduler-4] (FailedFlowsHandler.java:92) WARN  - Execution 867004714 branch null was marked as FAILED due to RuntimeException. Terminating this execution.
2018-04-03 03:13:57,191 [scoreWorkerScheduler-4] (FailedFlowsHandler.java:92) WARN  - Execution 867004714 branch null was marked as FAILED due to RuntimeException. Terminating this execution.
2018-04-03 03:14:02,264 [scoreWorkerScheduler-4] (FailedFlowsHandler.java:92) WARN  - Execution 867004714 branch null was marked as FAILED due to RuntimeException. Terminating this execution.
2018-04-03 03:14:07,338 [scoreWorkerScheduler-4] (FailedFlowsHandler.java:92) WARN  - Execution 867004714 branch null was marked as FAILED due to RuntimeException. Terminating this execution.
2018-04-03 03:14:12,445 [scoreWorkerScheduler-4] (FailedFlowsHandler.java:92) WARN  - Execution 867004714 branch null was marked as FAILED due to RuntimeException. Terminating this execution.
2018-04-03 03:15:52,160 [scoreWorkerScheduler-5] (FailedFlowsHandler.java:92) WARN  - Execution 867004714 branch null was marked as FAILED due to RuntimeException. Terminating this execution.
2018-04-03 03:15:57,230 [scoreWorkerScheduler-5] (FailedFlowsHandler.java:92) WARN  - Execution 867004714 branch null was marked as FAILED due to RuntimeException. Terminating this execution.
2018-04-03 03:16:02,299 [scoreWorkerScheduler-5] (FailedFlowsHandler.java:92) WARN  - Execution 867004714 branch null was marked as FAILED due to RuntimeException. Terminating this execution.
2018-04-03 03:16:07,368 [scoreWorkerScheduler-5] (FailedFlowsHandler.java:92) WARN  - Execution 867004714 branch null was marked as FAILED due to RuntimeException. Terminating this execution.
2018-04-03 03:16:12,446 [scoreWorkerScheduler-5] (FailedFlowsHandler.java:92) WARN  - Execution 867004714 branch null was marked as FAILED due to RuntimeException. Terminating this execution.
2018-04-03 03:17:52,092 [scoreWorkerScheduler-3] (FailedFlowsHandler.java:92) WARN  - Execution 880100697 branch null was marked as FAILED due to RuntimeException. Terminating this execution.
2018-04-03 03:17:57,156 [scoreWorkerScheduler-3] (FailedFlowsHandler.java:92) WARN  - Execution 880100697 branch null was marked as FAILED due to RuntimeException. Terminating this execution.
2018-04-03 03:18:02,219 [scoreWorkerScheduler-3] (FailedFlowsHandler.java:92) WARN  - Execution 880100697 branch null was marked as FAILED due to RuntimeException. Terminating this execution.
2018-04-03 03:18:07,283 [scoreWorkerScheduler-3] (FailedFlowsHandler.java:92) WARN  - Execution 880100697 branch null was marked as FAILED due to RuntimeException. Terminating this execution.
2018-04-03 03:18:12,358 [scoreWorkerScheduler-3] (FailedFlowsHandler.java:92) WARN  - Execution 880100697 branch null was marked as FAILED due to RuntimeException. Terminating this execution.
2018-04-03 03:19:52,187 [scoreWorkerScheduler-4] (FailedFlowsHandler.java:92) WARN  - Execution 853051874 branch null was marked as FAILED due to RuntimeException. Terminating this execution.
2018-04-03 03:19:57,245 [scoreWorkerScheduler-4] (FailedFlowsHandler.java:92) WARN  - Execution 853051874 branch null was marked as FAILED due to RuntimeException. Terminating this execution.
2018-04-03 03:20:02,306 [scoreWorkerScheduler-4] (FailedFlowsHandler.java:92) WARN  - Execution 853051874 branch null was marked as FAILED due to RuntimeException. Terminating this execution.
2018-04-03 03:20:07,372 [scoreWorkerScheduler-4] (FailedFlowsHandler.java:92) WARN  - Execution 853051874 branch null was marked as FAILED due to RuntimeException. Terminating this execution.
2018-04-03 03:20:12,453 [scoreWorkerScheduler-4] (FailedFlowsHandler.java:92) WARN  - Execution 853051874 branch null was marked as FAILED due to RuntimeException. Terminating this execution.
2018-04-03 03:21:51,933 [scoreWorkerScheduler-5] (FailedFlowsHandler.java:92) WARN  - Execution 880100810 branch null was marked as FAILED due to RuntimeException. Terminating this execution.
2018-04-03 03:21:56,958 [scoreWorkerScheduler-5] (FailedFlowsHandler.java:92) WARN  - Execution 880100810 branch null was marked as FAILED due to RuntimeException. Terminating this execution.
2018-04-03 03:22:01,983 [scoreWorkerScheduler-5] (FailedFlowsHandler.java:92) WARN  - Execution 880100810 branch null was marked as FAILED due to RuntimeException. Terminating this execution.
2018-04-03 03:22:07,011 [scoreWorkerScheduler-5] (FailedFlowsHandler.java:92) WARN  - Execution 880100810 branch null was marked as FAILED due to RuntimeException. Terminating this execution.
2018-04-03 03:22:12,047 [scoreWorkerScheduler-5] (FailedFlowsHandler.java:92) WARN  - Execution 880100810 branch null was marked as FAILED due to RuntimeException. Terminating this execution.
